<?xml version="1.0" encoding="UTF-8"?>
<testsuite name="JUnit Jupiter" tests="82" skipped="0" failures="0" errors="0" time="97.756" hostname="Ninny" timestamp="2019-06-01T18:02:40">
<properties>
[...]
</properties>
<testcase name="constructorArgumentConfigurationException()" classname="it.uniba.exception.test.ConfigurationExceptionTest" time="0.007">
<system-out><![CDATA[
unique-id: [engine:junit-jupiter]/[class:it.uniba.exception.test.ConfigurationExceptionTest]/[method:constructorArgumentConfigurationException()]
display-name: constructorArgumentConfigurationException()
]]></system-out>
</testcase>
<testcase name="constructorConfigurationExceptionTest()" classname="it.uniba.exception.test.ConfigurationExceptionTest" time="0">
<system-out><![CDATA[
unique-id: [engine:junit-jupiter]/[class:it.uniba.exception.test.ConfigurationExceptionTest]/[method:constructorConfigurationExceptionTest()]
display-name: constructorConfigurationExceptionTest()
]]></system-out>
</testcase>
<testcase name="constructorDeathJobExceptionTest()" classname="it.uniba.exception.test.DeathJobExceptionTest" time="0.001">
<system-out><![CDATA[
unique-id: [engine:junit-jupiter]/[class:it.uniba.exception.test.DeathJobExceptionTest]/[method:constructorDeathJobExceptionTest()]
display-name: constructorDeathJobExceptionTest()
]]></system-out>
</testcase>
<testcase name="constructorArgumentDeathJobExceptionTest()" classname="it.uniba.exception.test.DeathJobExceptionTest" time="0.001">
<system-out><![CDATA[
unique-id: [engine:junit-jupiter]/[class:it.uniba.exception.test.DeathJobExceptionTest]/[method:constructorArgumentDeathJobExceptionTest()]
display-name: constructorArgumentDeathJobExceptionTest()
]]></system-out>
</testcase>
<testcase name="constructorParameterExceptionTest()" classname="it.uniba.exception.test.ParameterExceptionTest" time="0">
<system-out><![CDATA[
unique-id: [engine:junit-jupiter]/[class:it.uniba.exception.test.ParameterExceptionTest]/[method:constructorParameterExceptionTest()]
display-name: constructorParameterExceptionTest()
]]></system-out>
</testcase>
<testcase name="constructorArgumentParameterExceptionTest()" classname="it.uniba.exception.test.ParameterExceptionTest" time="0.001">
<system-out><![CDATA[
unique-id: [engine:junit-jupiter]/[class:it.uniba.exception.test.ParameterExceptionTest]/[method:constructorArgumentParameterExceptionTest()]
display-name: constructorArgumentParameterExceptionTest()
]]></system-out>
</testcase>
<testcase name="constructorReadExceptionTest()" classname="it.uniba.exception.test.ReadExceptionTest" time="0.001">
<system-out><![CDATA[
unique-id: [engine:junit-jupiter]/[class:it.uniba.exception.test.ReadExceptionTest]/[method:constructorReadExceptionTest()]
display-name: constructorReadExceptionTest()
]]></system-out>
</testcase>
<testcase name="constructorArgumentReadExceptionTest()" classname="it.uniba.exception.test.ReadExceptionTest" time="0">
<system-out><![CDATA[
unique-id: [engine:junit-jupiter]/[class:it.uniba.exception.test.ReadExceptionTest]/[method:constructorArgumentReadExceptionTest()]
display-name: constructorArgumentReadExceptionTest()
]]></system-out>
</testcase>
<testcase name="writEdgeTest()" classname="it.uniba.sotorrent.test.GoogleDocsUtilsTest" time="16.524">
<system-out><![CDATA[
unique-id: [engine:junit-jupiter]/[class:it.uniba.sotorrent.test.GoogleDocsUtilsTest]/[method:writEdgeTest()]
display-name: writeEdge
]]></system-out>
</testcase>
<testcase name="writeNodeTest()" classname="it.uniba.sotorrent.test.GoogleDocsUtilsTest" time="8.807">
<system-out><![CDATA[
unique-id: [engine:junit-jupiter]/[class:it.uniba.sotorrent.test.GoogleDocsUtilsTest]/[method:writeNodeTest()]
display-name: writeNode
]]></system-out>
</testcase>
<testcase name="writeSheetTest()" classname="it.uniba.sotorrent.test.GoogleDocsUtilsTest" time="13.244">
<system-out><![CDATA[
unique-id: [engine:junit-jupiter]/[class:it.uniba.sotorrent.test.GoogleDocsUtilsTest]/[method:writeSheetTest()]
display-name: writeSheet
]]></system-out>
</testcase>
<testcase name="runEdgeAnswerWeightParameterExceptionTest()" classname="it.uniba.sotorrent.test.SOQueryTest" time="2.495">
<system-out><![CDATA[
unique-id: [engine:junit-jupiter]/[class:it.uniba.sotorrent.test.SOQueryTest]/[method:runEdgeAnswerWeightParameterExceptionTest()]
display-name: runEdgeAnswerWeightParameterExceptionTest()
]]></system-out>
</testcase>
<testcase name="runNodeAnswerDateParameterExceptionTest()" classname="it.uniba.sotorrent.test.SOQueryTest" time="0.047">
<system-out><![CDATA[
unique-id: [engine:junit-jupiter]/[class:it.uniba.sotorrent.test.SOQueryTest]/[method:runNodeAnswerDateParameterExceptionTest()]
display-name: runNodeAnswerDateParameterExceptionTest()
]]></system-out>
</testcase>
<testcase name="runNodeQuestionTagParameterExceptionTest()" classname="it.uniba.sotorrent.test.SOQueryTest" time="0.045">
<system-out><![CDATA[
unique-id: [engine:junit-jupiter]/[class:it.uniba.sotorrent.test.SOQueryTest]/[method:runNodeQuestionTagParameterExceptionTest()]
display-name: runNodeQuestionTagParameterExceptionTest()
]]></system-out>
</testcase>
<testcase name="runNodeQuestionDateDeathJobExceptionTest()" classname="it.uniba.sotorrent.test.SOQueryTest" time="2.365">
<system-out><![CDATA[
unique-id: [engine:junit-jupiter]/[class:it.uniba.sotorrent.test.SOQueryTest]/[method:runNodeQuestionDateDeathJobExceptionTest()]
display-name: runNodeQuestionDateDeathJobExceptionTest()
]]></system-out>
</testcase>
<testcase name="runNodeQuestionDateTest()" classname="it.uniba.sotorrent.test.SOQueryTest" time="3.878">
<system-out><![CDATA[
unique-id: [engine:junit-jupiter]/[class:it.uniba.sotorrent.test.SOQueryTest]/[method:runNodeQuestionDateTest()]
display-name: runNodeQuestionDateTest()
]]></system-out>
</testcase>
<testcase name="runNodeAnswerDateTest()" classname="it.uniba.sotorrent.test.SOQueryTest" time="3.217">
<system-out><![CDATA[
unique-id: [engine:junit-jupiter]/[class:it.uniba.sotorrent.test.SOQueryTest]/[method:runNodeAnswerDateTest()]
display-name: runNodeAnswerDateTest()
]]></system-out>
</testcase>
<testcase name="runEdgeAnswerParameterExceptionTest()" classname="it.uniba.sotorrent.test.SOQueryTest" time="2.216">
<system-out><![CDATA[
unique-id: [engine:junit-jupiter]/[class:it.uniba.sotorrent.test.SOQueryTest]/[method:runEdgeAnswerParameterExceptionTest()]
display-name: runEdgeAnswerParameterExceptionTest()
]]></system-out>
</testcase>
<testcase name="runEdgeQuestionParameterExceptionTest()" classname="it.uniba.sotorrent.test.SOQueryTest" time="2.578">
<system-out><![CDATA[
unique-id: [engine:junit-jupiter]/[class:it.uniba.sotorrent.test.SOQueryTest]/[method:runEdgeQuestionParameterExceptionTest()]
display-name: runEdgeQuestionParameterExceptionTest()
]]></system-out>
</testcase>
<testcase name="runEdgeQuestionWeightParameterExceptionTest()" classname="it.uniba.sotorrent.test.SOQueryTest" time="2.426">
<system-out><![CDATA[
unique-id: [engine:junit-jupiter]/[class:it.uniba.sotorrent.test.SOQueryTest]/[method:runEdgeQuestionWeightParameterExceptionTest()]
display-name: runEdgeQuestionWeightParameterExceptionTest()
]]></system-out>
</testcase>
<testcase name="runNodePostDateParameterExceptionTest()" classname="it.uniba.sotorrent.test.SOQueryTest" time="0.06">
<system-out><![CDATA[
unique-id: [engine:junit-jupiter]/[class:it.uniba.sotorrent.test.SOQueryTest]/[method:runNodePostDateParameterExceptionTest()]
display-name: runNodePostDateParameterExceptionTest()
]]></system-out>
</testcase>
<testcase name="runEdgeQuestionDateTest()" classname="it.uniba.sotorrent.test.SOQueryTest" time="3.361">
<system-out><![CDATA[
unique-id: [engine:junit-jupiter]/[class:it.uniba.sotorrent.test.SOQueryTest]/[method:runEdgeQuestionDateTest()]
display-name: runEdgeQuestionDateTest()
]]></system-out>
</testcase>
<testcase name="runEdgeQuestionTest()" classname="it.uniba.sotorrent.test.SOQueryTest" time="3.337">
<system-out><![CDATA[
unique-id: [engine:junit-jupiter]/[class:it.uniba.sotorrent.test.SOQueryTest]/[method:runEdgeQuestionTest()]
display-name: runEdgeQuestionTest()
]]></system-out>
</testcase>
<testcase name="runNodePostTagTest()" classname="it.uniba.sotorrent.test.SOQueryTest" time="3.177">
<system-out><![CDATA[
unique-id: [engine:junit-jupiter]/[class:it.uniba.sotorrent.test.SOQueryTest]/[method:runNodePostTagTest()]
display-name: runNodePostTagTest()
]]></system-out>
</testcase>
<testcase name="runNodeAnswerTagParameterExceptionTest()" classname="it.uniba.sotorrent.test.SOQueryTest" time="0.041">
<system-out><![CDATA[
unique-id: [engine:junit-jupiter]/[class:it.uniba.sotorrent.test.SOQueryTest]/[method:runNodeAnswerTagParameterExceptionTest()]
display-name: runNodeAnswerTagParameterExceptionTest()
]]></system-out>
</testcase>
<testcase name="runEdgeQuestionDateWeightParameterExceptionTest()" classname="it.uniba.sotorrent.test.SOQueryTest" time="0.04">
<system-out><![CDATA[
unique-id: [engine:junit-jupiter]/[class:it.uniba.sotorrent.test.SOQueryTest]/[method:runEdgeQuestionDateWeightParameterExceptionTest()]
display-name: runEdgeQuestionDateWeightParameterExceptionTest()
]]></system-out>
</testcase>
<testcase name="runNodeQuestionDateParameterExceptionTest()" classname="it.uniba.sotorrent.test.SOQueryTest" time="0.041">
<system-out><![CDATA[
unique-id: [engine:junit-jupiter]/[class:it.uniba.sotorrent.test.SOQueryTest]/[method:runNodeQuestionDateParameterExceptionTest()]
display-name: runNodeQuestionDateParameterExceptionTest()
]]></system-out>
</testcase>
<testcase name="runEdgeAnswerTest()" classname="it.uniba.sotorrent.test.SOQueryTest" time="3.214">
<system-out><![CDATA[
unique-id: [engine:junit-jupiter]/[class:it.uniba.sotorrent.test.SOQueryTest]/[method:runEdgeAnswerTest()]
display-name: runEdgeAnswerTest()
]]></system-out>
</testcase>
<testcase name="runEdgeQuestionDateWeightTest()" classname="it.uniba.sotorrent.test.SOQueryTest" time="3.192">
<system-out><![CDATA[
unique-id: [engine:junit-jupiter]/[class:it.uniba.sotorrent.test.SOQueryTest]/[method:runEdgeQuestionDateWeightTest()]
display-name: runEdgeQuestionDateWeightTest()
]]></system-out>
</testcase>
<testcase name="runEdgeQuestionDateParameterExceptionTest()" classname="it.uniba.sotorrent.test.SOQueryTest" time="0.043">
<system-out><![CDATA[
unique-id: [engine:junit-jupiter]/[class:it.uniba.sotorrent.test.SOQueryTest]/[method:runEdgeQuestionDateParameterExceptionTest()]
display-name: runEdgeQuestionDateParameterExceptionTest()
]]></system-out>
</testcase>
<testcase name="runNodeAnswerTagTest()" classname="it.uniba.sotorrent.test.SOQueryTest" time="2.48">
<system-out><![CDATA[
unique-id: [engine:junit-jupiter]/[class:it.uniba.sotorrent.test.SOQueryTest]/[method:runNodeAnswerTagTest()]
display-name: runNodeAnswerTagTest()
]]></system-out>
</testcase>
<testcase name="runEdgeAnswerWeightTest()" classname="it.uniba.sotorrent.test.SOQueryTest" time="2.954">
<system-out><![CDATA[
unique-id: [engine:junit-jupiter]/[class:it.uniba.sotorrent.test.SOQueryTest]/[method:runEdgeAnswerWeightTest()]
display-name: runEdgeAnswerWeightTest()
]]></system-out>
</testcase>
<testcase name="runNodePostTagParameterExceptionTest()" classname="it.uniba.sotorrent.test.SOQueryTest" time="0.042">
<system-out><![CDATA[
unique-id: [engine:junit-jupiter]/[class:it.uniba.sotorrent.test.SOQueryTest]/[method:runNodePostTagParameterExceptionTest()]
display-name: runNodePostTagParameterExceptionTest()
]]></system-out>
</testcase>
<testcase name="runNodeQuestionTagTest()" classname="it.uniba.sotorrent.test.SOQueryTest" time="3.204">
<system-out><![CDATA[
unique-id: [engine:junit-jupiter]/[class:it.uniba.sotorrent.test.SOQueryTest]/[method:runNodeQuestionTagTest()]
display-name: runNodeQuestionTagTest()
]]></system-out>
</testcase>
<testcase name="runNodePostDateTest()" classname="it.uniba.sotorrent.test.SOQueryTest" time="5.533">
<system-out><![CDATA[
unique-id: [engine:junit-jupiter]/[class:it.uniba.sotorrent.test.SOQueryTest]/[method:runNodePostDateTest()]
display-name: runNodePostDateTest()
]]></system-out>
</testcase>
<testcase name="runEdgeQuestionWeightTest()" classname="it.uniba.sotorrent.test.SOQueryTest" time="3.473">
<system-out><![CDATA[
unique-id: [engine:junit-jupiter]/[class:it.uniba.sotorrent.test.SOQueryTest]/[method:runEdgeQuestionWeightTest()]
display-name: runEdgeQuestionWeightTest()
]]></system-out>
</testcase>
<testcase name="runQueryTest()" classname="it.uniba.sotorrent.test.SOQueryTest" time="2.656">
<system-out><![CDATA[
unique-id: [engine:junit-jupiter]/[class:it.uniba.sotorrent.test.SOQueryTest]/[method:runQueryTest()]
display-name: runQueryTest()
]]></system-out>
</testcase>
<testcase name="readExceptionUserTest()" classname="it.uniba.utils.test.ArgumentsTest" time="0.007">
<system-out><![CDATA[
unique-id: [engine:junit-jupiter]/[class:it.uniba.utils.test.ArgumentsTest]/[method:readExceptionUserTest()]
display-name: readExceptionUserTest()
]]></system-out>
</testcase>
<testcase name="getTableTest()" classname="it.uniba.utils.test.ArgumentsTest" time="0.003">
<system-out><![CDATA[
unique-id: [engine:junit-jupiter]/[class:it.uniba.utils.test.ArgumentsTest]/[method:getTableTest()]
display-name: getTableTest()
]]></system-out>
</testcase>
<testcase name="getDayTest()" classname="it.uniba.utils.test.ArgumentsTest" time="0.005">
<system-out><![CDATA[
unique-id: [engine:junit-jupiter]/[class:it.uniba.utils.test.ArgumentsTest]/[method:getDayTest()]
display-name: getDayTest()
]]></system-out>
</testcase>
<testcase name="getWeightTest()" classname="it.uniba.utils.test.ArgumentsTest" time="0.002">
<system-out><![CDATA[
unique-id: [engine:junit-jupiter]/[class:it.uniba.utils.test.ArgumentsTest]/[method:getWeightTest()]
display-name: getWeightTest()
]]></system-out>
</testcase>
<testcase name="readExceptionTagTest()" classname="it.uniba.utils.test.ArgumentsTest" time="0.002">
<system-out><![CDATA[
unique-id: [engine:junit-jupiter]/[class:it.uniba.utils.test.ArgumentsTest]/[method:readExceptionTagTest()]
display-name: readExceptionTagTest()
]]></system-out>
</testcase>
<testcase name="getMonthTest()" classname="it.uniba.utils.test.ArgumentsTest" time="0.001">
<system-out><![CDATA[
unique-id: [engine:junit-jupiter]/[class:it.uniba.utils.test.ArgumentsTest]/[method:getMonthTest()]
display-name: getMonthTest()
]]></system-out>
</testcase>
<testcase name="monthEmptyTest()" classname="it.uniba.utils.test.ArgumentsTest" time="0.002">
<system-out><![CDATA[
unique-id: [engine:junit-jupiter]/[class:it.uniba.utils.test.ArgumentsTest]/[method:monthEmptyTest()]
display-name: monthEmptyTest()
]]></system-out>
</testcase>
<testcase name="getEdgeTest()" classname="it.uniba.utils.test.ArgumentsTest" time="0.001">
<system-out><![CDATA[
unique-id: [engine:junit-jupiter]/[class:it.uniba.utils.test.ArgumentsTest]/[method:getEdgeTest()]
display-name: getEdgeTest()
]]></system-out>
</testcase>
<testcase name="getTagTest()" classname="it.uniba.utils.test.ArgumentsTest" time="0.001">
<system-out><![CDATA[
unique-id: [engine:junit-jupiter]/[class:it.uniba.utils.test.ArgumentsTest]/[method:getTagTest()]
display-name: getTagTest()
]]></system-out>
</testcase>
<testcase name="readExceptionLimitTest()" classname="it.uniba.utils.test.ArgumentsTest" time="0.002">
<system-out><![CDATA[
unique-id: [engine:junit-jupiter]/[class:it.uniba.utils.test.ArgumentsTest]/[method:readExceptionLimitTest()]
display-name: readExceptionLimitTest()
]]></system-out>
</testcase>
<testcase name="constructorArgumentsEdgeTest()" classname="it.uniba.utils.test.ArgumentsTest" time="0.002">
<system-out><![CDATA[
unique-id: [engine:junit-jupiter]/[class:it.uniba.utils.test.ArgumentsTest]/[method:constructorArgumentsEdgeTest()]
display-name: constructorArgumentsEdgeTest()
]]></system-out>
</testcase>
<testcase name="tableEmptyTest()" classname="it.uniba.utils.test.ArgumentsTest" time="0.001">
<system-out><![CDATA[
unique-id: [engine:junit-jupiter]/[class:it.uniba.utils.test.ArgumentsTest]/[method:tableEmptyTest()]
display-name: tableEmptyTest()
]]></system-out>
</testcase>
<testcase name="dayEmptyTest()" classname="it.uniba.utils.test.ArgumentsTest" time="0">
<system-out><![CDATA[
unique-id: [engine:junit-jupiter]/[class:it.uniba.utils.test.ArgumentsTest]/[method:dayEmptyTest()]
display-name: dayEmptyTest()
]]></system-out>
</testcase>
<testcase name="yearEmptyTest()" classname="it.uniba.utils.test.ArgumentsTest" time="0">
<system-out><![CDATA[
unique-id: [engine:junit-jupiter]/[class:it.uniba.utils.test.ArgumentsTest]/[method:yearEmptyTest()]
display-name: yearEmptyTest()
]]></system-out>
</testcase>
<testcase name="getYearTest()" classname="it.uniba.utils.test.ArgumentsTest" time="0.001">
<system-out><![CDATA[
unique-id: [engine:junit-jupiter]/[class:it.uniba.utils.test.ArgumentsTest]/[method:getYearTest()]
display-name: getYearTest()
]]></system-out>
</testcase>
<testcase name="userEmptytest()" classname="it.uniba.utils.test.ArgumentsTest" time="0.002">
<system-out><![CDATA[
unique-id: [engine:junit-jupiter]/[class:it.uniba.utils.test.ArgumentsTest]/[method:userEmptytest()]
display-name: userEmptytest()
]]></system-out>
</testcase>
<testcase name="EmptyTest()" classname="it.uniba.utils.test.ArgumentsTest" time="0.001">
<system-out><![CDATA[
unique-id: [engine:junit-jupiter]/[class:it.uniba.utils.test.ArgumentsTest]/[method:EmptyTest()]
display-name: EmptyTest()
]]></system-out>
</testcase>
<testcase name="constructorArgumentsWeightTest()" classname="it.uniba.utils.test.ArgumentsTest" time="0.002">
<system-out><![CDATA[
unique-id: [engine:junit-jupiter]/[class:it.uniba.utils.test.ArgumentsTest]/[method:constructorArgumentsWeightTest()]
display-name: constructorArgumentsWeightTest()
]]></system-out>
</testcase>
<testcase name="readExceptionMonthTest()" classname="it.uniba.utils.test.ArgumentsTest" time="0.002">
<system-out><![CDATA[
unique-id: [engine:junit-jupiter]/[class:it.uniba.utils.test.ArgumentsTest]/[method:readExceptionMonthTest()]
display-name: readExceptionMonthTest()
]]></system-out>
</testcase>
<testcase name="readExceptionYearTest()" classname="it.uniba.utils.test.ArgumentsTest" time="0.003">
<system-out><![CDATA[
unique-id: [engine:junit-jupiter]/[class:it.uniba.utils.test.ArgumentsTest]/[method:readExceptionYearTest()]
display-name: readExceptionYearTest()
]]></system-out>
</testcase>
<testcase name="limitEmptyTest()" classname="it.uniba.utils.test.ArgumentsTest" time="0">
<system-out><![CDATA[
unique-id: [engine:junit-jupiter]/[class:it.uniba.utils.test.ArgumentsTest]/[method:limitEmptyTest()]
display-name: limitEmptyTest()
]]></system-out>
</testcase>
<testcase name="readExceptionDayTest()" classname="it.uniba.utils.test.ArgumentsTest" time="0.002">
<system-out><![CDATA[
unique-id: [engine:junit-jupiter]/[class:it.uniba.utils.test.ArgumentsTest]/[method:readExceptionDayTest()]
display-name: readExceptionDayTest()
]]></system-out>
</testcase>
<testcase name="tagEmptyTest()" classname="it.uniba.utils.test.ArgumentsTest" time="0.001">
<system-out><![CDATA[
unique-id: [engine:junit-jupiter]/[class:it.uniba.utils.test.ArgumentsTest]/[method:tagEmptyTest()]
display-name: tagEmptyTest()
]]></system-out>
</testcase>
<testcase name="readExceptionTableEmptyTest()" classname="it.uniba.utils.test.ArgumentsTest" time="0.001">
<system-out><![CDATA[
unique-id: [engine:junit-jupiter]/[class:it.uniba.utils.test.ArgumentsTest]/[method:readExceptionTableEmptyTest()]
display-name: readExceptionTableEmptyTest()
]]></system-out>
</testcase>
<testcase name="getUserTest()" classname="it.uniba.utils.test.ArgumentsTest" time="0.004">
<system-out><![CDATA[
unique-id: [engine:junit-jupiter]/[class:it.uniba.utils.test.ArgumentsTest]/[method:getUserTest()]
display-name: getUserTest()
]]></system-out>
</testcase>
<testcase name="getLimit()" classname="it.uniba.utils.test.ArgumentsTest" time="0.002">
<system-out><![CDATA[
unique-id: [engine:junit-jupiter]/[class:it.uniba.utils.test.ArgumentsTest]/[method:getLimit()]
display-name: getLimit()
]]></system-out>
</testcase>
<testcase name="runEdgeTest()" classname="it.uniba.utils.test.ControlTest" time="0.328">
<system-out><![CDATA[
unique-id: [engine:junit-jupiter]/[class:it.uniba.utils.test.ControlTest]/[method:runEdgeTest()]
display-name: Testing runEdge
]]></system-out>
</testcase>
<testcase name="testRunNode()" classname="it.uniba.utils.test.ControlTest" time="0.45">
<system-out><![CDATA[
unique-id: [engine:junit-jupiter]/[class:it.uniba.utils.test.ControlTest]/[method:testRunNode()]
display-name: Testing runNode
]]></system-out>
</testcase>
<testcase name="getWeightEqualTest()" classname="it.uniba.utils.test.EdgeTest" time="0.001">
<system-out><![CDATA[
unique-id: [engine:junit-jupiter]/[class:it.uniba.utils.test.EdgeTest]/[method:getWeightEqualTest()]
display-name: getWeightEqualTest()
]]></system-out>
</testcase>
<testcase name="isWeightEdgeTest()" classname="it.uniba.utils.test.EdgeTest" time="0.001">
<system-out><![CDATA[
unique-id: [engine:junit-jupiter]/[class:it.uniba.utils.test.EdgeTest]/[method:isWeightEdgeTest()]
display-name: isWeightEdgeTest()
]]></system-out>
</testcase>
<testcase name="setToAssertEqualTest()" classname="it.uniba.utils.test.EdgeTest" time="0.001">
<system-out><![CDATA[
unique-id: [engine:junit-jupiter]/[class:it.uniba.utils.test.EdgeTest]/[method:setToAssertEqualTest()]
display-name: setToAssertEqualTest()
]]></system-out>
</testcase>
<testcase name="setWeightEqualTest()" classname="it.uniba.utils.test.EdgeTest" time="0.001">
<system-out><![CDATA[
unique-id: [engine:junit-jupiter]/[class:it.uniba.utils.test.EdgeTest]/[method:setWeightEqualTest()]
display-name: setWeightEqualTest()
]]></system-out>
</testcase>
<testcase name="EdgeWithNullArgumentTest()" classname="it.uniba.utils.test.EdgeTest" time="0.001">
<system-out><![CDATA[
unique-id: [engine:junit-jupiter]/[class:it.uniba.utils.test.EdgeTest]/[method:EdgeWithNullArgumentTest()]
display-name: EdgeWithNullArgumentTest()
]]></system-out>
</testcase>
<testcase name="getToAssertEqualTest()" classname="it.uniba.utils.test.EdgeTest" time="0.001">
<system-out><![CDATA[
unique-id: [engine:junit-jupiter]/[class:it.uniba.utils.test.EdgeTest]/[method:getToAssertEqualTest()]
display-name: getToAssertEqualTest()
]]></system-out>
</testcase>
<testcase name="getToEditArgumentTest()" classname="it.uniba.utils.test.EdgeTest" time="0.001">
<system-out><![CDATA[
unique-id: [engine:junit-jupiter]/[class:it.uniba.utils.test.EdgeTest]/[method:getToEditArgumentTest()]
display-name: getToEditArgumentTest()
]]></system-out>
</testcase>
<testcase name="getFromEditArgumentTest()" classname="it.uniba.utils.test.EdgeTest" time="0.001">
<system-out><![CDATA[
unique-id: [engine:junit-jupiter]/[class:it.uniba.utils.test.EdgeTest]/[method:getFromEditArgumentTest()]
display-name: getFromEditArgumentTest()
]]></system-out>
</testcase>
<testcase name="emptyWeightTest()" classname="it.uniba.utils.test.EdgeTest" time="0.001">
<system-out><![CDATA[
unique-id: [engine:junit-jupiter]/[class:it.uniba.utils.test.EdgeTest]/[method:emptyWeightTest()]
display-name: emptyWeightTest()
]]></system-out>
</testcase>
<testcase name="getFromAssertEqualTest()" classname="it.uniba.utils.test.EdgeTest" time="0.001">
<system-out><![CDATA[
unique-id: [engine:junit-jupiter]/[class:it.uniba.utils.test.EdgeTest]/[method:getFromAssertEqualTest()]
display-name: getFromAssertEqualTest()
]]></system-out>
</testcase>
<testcase name="EdgeWithNullArgumentWeightTest()" classname="it.uniba.utils.test.EdgeTest" time="0.001">
<system-out><![CDATA[
unique-id: [engine:junit-jupiter]/[class:it.uniba.utils.test.EdgeTest]/[method:EdgeWithNullArgumentWeightTest()]
display-name: EdgeWithNullArgumentWeightTest()
]]></system-out>
</testcase>
<testcase name="isWeightEdge()" classname="it.uniba.utils.test.EdgeTest" time="0">
<system-out><![CDATA[
unique-id: [engine:junit-jupiter]/[class:it.uniba.utils.test.EdgeTest]/[method:isWeightEdge()]
display-name: isWeightEdge()
]]></system-out>
</testcase>
<testcase name="setFromAssertEqualTest()" classname="it.uniba.utils.test.EdgeTest" time="0">
<system-out><![CDATA[
unique-id: [engine:junit-jupiter]/[class:it.uniba.utils.test.EdgeTest]/[method:setFromAssertEqualTest()]
display-name: setFromAssertEqualTest()
]]></system-out>
</testcase>
<testcase name="idDataTest()" classname="it.uniba.utils.test.MathUtilsTest" time="0.001">
<system-out><![CDATA[
unique-id: [engine:junit-jupiter]/[class:it.uniba.utils.test.MathUtilsTest]/[method:idDataTest()]
display-name: idDataTest()
]]></system-out>
</testcase>
<testcase name="isDataNoDayTest()" classname="it.uniba.utils.test.MathUtilsTest" time="0">
<system-out><![CDATA[
unique-id: [engine:junit-jupiter]/[class:it.uniba.utils.test.MathUtilsTest]/[method:isDataNoDayTest()]
display-name: isDataNoDayTest()
]]></system-out>
</testcase>
<testcase name="testAddition()" classname="it.uniba.utils.test.MathUtilsTest" time="0.005">
<system-out><![CDATA[
unique-id: [engine:junit-jupiter]/[class:it.uniba.utils.test.MathUtilsTest]/[method:testAddition()]
display-name: Testing sum of integers
]]></system-out>
</testcase>
<testcase name="testDivision()" classname="it.uniba.utils.test.MathUtilsTest" time="0">
<system-out><![CDATA[
unique-id: [engine:junit-jupiter]/[class:it.uniba.utils.test.MathUtilsTest]/[method:testDivision()]
display-name: Testing division between integers
]]></system-out>
</testcase>
<system-out><![CDATA[
unique-id: [engine:junit-jupiter]
display-name: JUnit Jupiter
]]></system-out>
</testsuite>
